-------------------------------------------------------------------------------
Test set: test.DietaTests
-------------------------------------------------------------------------------
Tests run: 1, Failures: 0, Errors: 1, Skipped: 0, Time elapsed: 1.4 s <<< FAILURE! - in test.DietaTests
test.DietaTests  Time elapsed: 1.397 s  <<< ERROR!
java.lang.IllegalStateException: Unable to find a @SpringBootConfiguration, you need to use @ContextConfiguration or @SpringBootTest(classes=...) with your test

